src\cross_phase\utils\checkpoint_utils.py:50: error: Incompatible types in assignment (expression has type "dict[str, Any]", target has type "str")  [assignment]
src\cross_phase\utils\checkpoint_utils.py:60: error: Incompatible types in assignment (expression has type "dict[str, Any]", target has type "str")  [assignment]
src\cross_phase\utils\checkpoint_utils.py:106: error: Invalid index type "int | Any" for "dict[str, Any]"; expected type "str"  [index]
src\cross_phase\utils\checkpoint_utils.py:112: error: Invalid index type "int | Any" for "dict[str, Any]"; expected type "str"  [index]
src\cross_phase\utils\checkpoint_utils.py:114: error: Invalid index type "int | Any" for "dict[str, Any]"; expected type "str"  [index]
src\cross_phase\utils\checkpoint_utils.py:358: error: Argument 1 to "load_state_dict" of "Module" has incompatible type "Any | None"; expected "Mapping[str, Any]"  [arg-type]
src\cross_phase\utils\checkpoint_utils.py:363: error: The return type of "__init__" must be None  [misc]
src\cross_phase\utils\checkpoint_utils.py:369: error: Function is missing a type annotation for one or more arguments  [no-untyped-def]
src\cross_phase\utils\checkpoint_utils.py:373: error: Argument 1 to "TempModule" has incompatible type "Any | None"; expected "dict[str, Tensor]"  [arg-type]
src\cross_phase\orchestrator\phase_controller.py:370: error: Value of type "list[Any] | None" is not indexable  [index]
src\cross_phase\orchestrator\phase_controller.py:377: error: "_run_prompt_baking" of "Phase3Controller" does not return a value (it only ever returns None)  [func-returns-value]
src\cross_phase\orchestrator\phase_controller.py:425: error: Function is missing a type annotation for one or more arguments  [no-untyped-def]
src\cross_phase\orchestrator\phase_controller.py:466: error: Returning Any from function declared to return "None"  [no-any-return]
src\cross_phase\orchestrator\phase_controller.py:468: error: Function is missing a type annotation for one or more arguments  [no-untyped-def]
src\cross_phase\orchestrator\phase_controller.py:486: error: Function is missing a type annotation for one or more arguments  [no-untyped-def]
src\cross_phase\orchestrator\phase_controller.py:551: error: Returning Any from function declared to return "bool"  [no-any-return]
src\cross_phase\orchestrator\phase_controller.py:585: error: Value of type "list[Any] | None" is not indexable  [index]
src\cross_phase\orchestrator\phase_controller.py:653: error: Function is missing a type annotation for one or more arguments  [no-untyped-def]
src\cross_phase\orchestrator\phase_controller.py:675: error: Function is missing a type annotation for one or more arguments  [no-untyped-def]
src\cross_phase\orchestrator\phase_controller.py:742: error: Function is missing a type annotation for one or more arguments  [no-untyped-def]
src\cross_phase\orchestrator\phase_controller.py:768: error: Function is missing a type annotation for one or more arguments  [no-untyped-def]
src\cross_phase\orchestrator\phase_controller.py:791: error: Returning Any from function declared to return "bool"  [no-any-return]
src\cross_phase\orchestrator\phase_controller.py:828: error: Value of type "list[Any] | None" is not indexable  [index]
src\cross_phase\orchestrator\phase_controller.py:905: error: Returning Any from function declared to return "bool"  [no-any-return]
src\cross_phase\orchestrator\phase_controller.py:932: error: Value of type "list[Any] | None" is not indexable  [index]
src\cross_phase\orchestrator\phase_controller.py:1002: error: Returning Any from function declared to return "bool"  [no-any-return]
src\cross_phase\orchestrator\phase_controller.py:1029: error: Value of type "list[Any] | None" is not indexable  [index]
src\cross_phase\orchestrator\phase_controller.py:1096: error: Returning Any from function declared to return "bool"  [no-any-return]
src\cross_phase\orchestrator\phase_controller.py:1123: error: Value of type "list[Any] | None" is not indexable  [index]
src\cross_phase\orchestrator\phase_controller.py:1194: error: Returning Any from function declared to return "bool"  [no-any-return]
src\cross_phase\orchestrator\phase4_controller.py:38: error: Value of type "list[Any] | None" is not indexable  [index]
src\cross_phase\orchestrator\phase4_controller.py:106: error: Function is missing a type annotation for one or more arguments  [no-untyped-def]
src\cross_phase\orchestrator\phase4_controller.py:128: error: Function is missing a type annotation for one or more arguments  [no-untyped-def]
src\cross_phase\orchestrator\phase4_controller.py:195: error: Function is missing a type annotation for one or more arguments  [no-untyped-def]
src\cross_phase\orchestrator\phase4_controller.py:221: error: Function is missing a type annotation for one or more arguments  [no-untyped-def]
src\cross_phase\orchestrator\phase4_controller.py:244: error: Returning Any from function declared to return "bool"  [no-any-return]
src\cross_phase\orchestrator\phase3_controller.py:35: error: Value of type "list[Any] | None" is not indexable  [index]
src\cross_phase\orchestrator\phase3_controller.py:42: error: "_run_prompt_baking" of "Phase3Controller" does not return a value (it only ever returns None)  [func-returns-value]
src\cross_phase\orchestrator\phase3_controller.py:90: error: Function is missing a type annotation for one or more arguments  [no-untyped-def]
src\cross_phase\orchestrator\phase3_controller.py:131: error: Returning Any from function declared to return "None"  [no-any-return]
src\cross_phase\orchestrator\phase3_controller.py:133: error: Function is missing a type annotation for one or more arguments  [no-untyped-def]
src\cross_phase\orchestrator\phase3_controller.py:151: error: Function is missing a type annotation for one or more arguments  [no-untyped-def]
src\cross_phase\orchestrator\phase3_controller.py:216: error: Returning Any from function declared to return "bool"  [no-any-return]
src\cross_phase\mugrokfast\optimizer.py:34: error: Function is missing a type annotation for one or more arguments  [no-untyped-def]
src\cross_phase\mugrokfast\optimizer.py:37: error: Name "MuGrokConfig" is not defined  [name-defined]
src\cross_phase\mugrokfast\optimizer.py:92: error: Function is missing a type annotation for one or more arguments  [no-untyped-def]
src\cross_phase\mugrokfast\optimizer.py:128: error: Function is missing a type annotation for one or more arguments  [no-untyped-def]
src\cross_phase\mugrokfast\optimizer.py:190: error: Function is missing a type annotation for one or more arguments  [no-untyped-def]
src\cross_phase\mugrokfast\optimizer.py:199: error: Returning Any from function declared to return "float"  [no-any-return]
src\cross_phase\mugrokfast\optimizer.py:210: error: Returning Any from function declared to return "float"  [no-any-return]
src\cross_phase\mugrokfast\optimizer.py:245: error: Need type annotation for "_handles" (hint: "_handles: list[<type>] = ...")  [var-annotated]
src\cross_phase\mugrokfast\optimizer.py:266: error: Function is missing a type annotation for one or more arguments  [no-untyped-def]
src\cross_phase\utils\__init__.py:15: error: Argument 1 to "module_from_spec" has incompatible type "ModuleSpec | None"; expected "ModuleSpec"  [arg-type]
src\cross_phase\utils\__init__.py:17: error: Item "None" of "ModuleSpec | None" has no attribute "loader"  [union-attr]
src\cross_phase\utils\__init__.py:17: error: Item "None" of "Loader | Any | None" has no attribute "exec_module"  [union-attr]
src\cross_phase\orchestrator\pipeline.py:104: error: Generator has incompatible item type "object"; expected "bool"  [misc]
src\cross_phase\orchestrator\pipeline.py:109: error: Incompatible default for argument "input_models" (default has type "None", argument has type "list[Any]")  [assignment]
src\cross_phase\orchestrator\pipeline.py:109: note: PEP 484 prohibits implicit Optional. Accordingly, mypy has changed its default to no_implicit_optional=True
src\cross_phase\orchestrator\pipeline.py:109: note: Use https://github.com/hauntsaninja/no_implicit_optional to automatically upgrade your codebase
src\cross_phase\orchestrator\pipeline.py:166: error: Cannot instantiate abstract class "PhaseController" with abstract attributes "execute", "validate_input" and "validate_output"  [abstract]
src\cross_phase\orchestrator\pipeline.py:184: error: No return value expected  [return-value]
src\cross_phase\orchestrator\pipeline.py:190: error: Function is missing a type annotation  [no-untyped-def]
src\cross_phase\orchestrator\pipeline.py:194: error: Function is missing a type annotation  [no-untyped-def]
src\cross_phase\monitoring\wandb_integration.py:516: error: Returning Any from function declared to return "bool"  [no-any-return]
src\cross_phase\prompt_baking\baker.py:45: error: Function is missing a type annotation for one or more arguments  [no-untyped-def]
src\cross_phase\prompt_baking\baker.py:103: error: Function is missing a type annotation for one or more arguments  [no-untyped-def]
src\cross_phase\prompt_baking\baker.py:126: error: Function is missing a type annotation for one or more arguments  [no-untyped-def]
src\cross_phase\prompt_baking\baker.py:180: error: Function is missing a type annotation for one or more arguments  [no-untyped-def]
src\cross_phase\prompt_baking\baker.py:257: error: Returning Any from function declared to return Module  [no-any-return]
src\cross_phase\prompt_baking\baker.py:263: error: Function is missing a type annotation for one or more arguments  [no-untyped-def]
Found 68 errors in 9 files (checked 27 source files)
